<?xml version="1.0" encoding="UTF-8"?>
<TestRun id="05cd7cf2-3d9b-47fa-b06a-6992a106d4c9" name="Gary@GARYSTOREY36B9 2015-04-26 12:36:43" runUser="GARYSTOREY36B9\Gary" xmlns="http://microsoft.com/schemas/VisualStudio/TeamTest/2010">
  <TestSettings name="Local" id="f9872536-3300-45e2-8d5a-1d6d5e11baff">
    <Description>These are default test settings for a local test run.</Description>
    <Deployment userDeploymentRoot="C:\CM0721\OrderMgt\TestResults" useDefaultDeploymentRoot="false" enabled="false" runDeploymentRoot="Gary_GARYSTOREY36B9 2015-04-26 12_36_43">
      <DeploymentItem filename="C:\CM0721\OrderMgt\packages\Moq.4.2.1502.0911\lib\net40\Moq.dll" />
      <DeploymentItem filename="C:\CM0721\OrderMgt\bin\Debug\OrderMgt.exe" />
    </Deployment>
    <Execution>
      <TestTypeSpecific />
      <AgentRule name="Execution Agents">
      </AgentRule>
    </Execution>
  </TestSettings>
  <Times creation="2015-04-26T12:36:43.2718000+01:00" queuing="2015-04-26T12:36:43.2914000+01:00" start="2015-04-26T12:36:43.3070000+01:00" finish="2015-04-26T12:36:43.6346000+01:00" />
  <ResultSummary outcome="Failed">
    <Counters total="1" executed="1" error="0" failed="1" timeout="0" aborted="0" inconclusive="0" passedButRunAborted="0" notRunnable="0" notExecuted="0" disconnected="0" warning="0" passed="0" completed="0" inProgress="0" pending="0" />
  </ResultSummary>
  <TestDefinitions>
    <UnitTest name="WhenStatusIsUnsubmitted" storage="c:\cm0721\ordermgttest\bin\debug\ordermgttest.dll" id="a3d2bf56-b2f7-2f53-ff8d-23149f72ae69">
      <Execution id="ee7dd201-cf8a-4a2e-a9f5-7653bda44bbf" />
      <TestMethod codeBase="C:/CM0721/OrderMgtTest/bin/Debug/OrderMgtTest.DLL" adapterTypeName="Microsoft.VisualStudio.TestTools.TestTypes.Unit.UnitTestAdapter, Microsoft.VisualStudio.QualityTools.Tips.UnitTest.Adapter, Version=10.0.0.0, Culture=neutral, PublicKeyToken=b03f5f7f11d50a3a" className="OrderMgtTest.UnitTest_OrderManager, OrderMgtTest, Version=1.0.0.0, Culture=neutral, PublicKeyToken=null" name="WhenStatusIsUnsubmitted" />
    </UnitTest>
  </TestDefinitions>
  <TestLists>
    <TestList name="Results Not in a List" id="8c84fa94-04c1-424b-9868-57a2d4851a1d" />
    <TestList name="All Loaded Results" id="19431567-8539-422a-85d7-44ee4e166bda" />
  </TestLists>
  <TestEntries>
    <TestEntry testId="a3d2bf56-b2f7-2f53-ff8d-23149f72ae69" executionId="ee7dd201-cf8a-4a2e-a9f5-7653bda44bbf" testListId="8c84fa94-04c1-424b-9868-57a2d4851a1d" />
  </TestEntries>
  <Results>
    <UnitTestResult executionId="ee7dd201-cf8a-4a2e-a9f5-7653bda44bbf" testId="a3d2bf56-b2f7-2f53-ff8d-23149f72ae69" testName="WhenStatusIsUnsubmitted" computerName="GARYSTOREY36B9" duration="00:00:00.0742513" startTime="2015-04-26T12:36:43.3382000+01:00" endTime="2015-04-26T12:36:43.6034000+01:00" testType="13cdc9d9-ddb5-4fa4-a97d-d965ccfc6d4b" outcome="Failed" testListId="8c84fa94-04c1-424b-9868-57a2d4851a1d" relativeResultsDirectory="ee7dd201-cf8a-4a2e-a9f5-7653bda44bbf">
      <Output>
        <ErrorInfo>
          <Message>Test method OrderMgtTest.UnitTest_OrderManager.WhenStatusIsUnsubmitted threw exception: 
System.NotSupportedException: Invalid setup on a non-virtual (overridable in VB) member: m =&gt; m.Status</Message>
          <StackTrace>    at Moq.Mock.ThrowIfCantOverride(Expression setup, MethodInfo method)
   at Moq.Mock.&lt;&gt;c__DisplayClass1f`2.&lt;SetupGet&gt;b__1e()
   at Moq.PexProtector.Invoke[T](Func`1 function)
   at Moq.Mock.SetupGet[T,TProperty](Mock`1 mock, Expression`1 expression, Condition condition)
   at Moq.Mock`1.SetupGet[TProperty](Expression`1 expression)
   at OrderMgtTest.UnitTest_OrderManager.WhenStatusIsUnsubmitted() in C:\CM0721\OrderMgtTest\UnitTest_OrderManager.cs:line 21
</StackTrace>
        </ErrorInfo>
      </Output>
    </UnitTestResult>
  </Results>
</TestRun>