<?xml version="1.0" encoding="UTF-8"?>
<TestRun id="e6a53a14-59a8-4b8f-961c-c02114fc897b" name="Gary@GARYSTOREY36B9 2015-04-26 12:36:51" runUser="GARYSTOREY36B9\Gary" xmlns="http://microsoft.com/schemas/VisualStudio/TeamTest/2010">
  <TestSettings name="Local" id="f9872536-3300-45e2-8d5a-1d6d5e11baff">
    <Description>These are default test settings for a local test run.</Description>
    <Deployment enabled="false" runDeploymentRoot="Gary_GARYSTOREY36B9 2015-04-26 12_36_51">
      <DeploymentItem filename="C:\CM0721\OrderMgt\packages\Moq.4.2.1502.0911\lib\net40\Moq.dll" />
      <DeploymentItem filename="C:\CM0721\OrderMgt\bin\Debug\OrderMgt.exe" />
    </Deployment>
    <Execution>
      <TestTypeSpecific />
      <AgentRule name="Execution Agents">
      </AgentRule>
    </Execution>
  </TestSettings>
  <Times creation="2015-04-26T12:36:51.9026000+01:00" queuing="2015-04-26T12:36:51.9962000+01:00" start="2015-04-26T12:36:52.0118000+01:00" finish="2015-04-26T12:36:54.2826000+01:00" />
  <ResultSummary outcome="Failed">
    <Counters total="9" executed="9" passed="8" error="0" failed="1" timeout="0" aborted="0" inconclusive="0" passedButRunAborted="0" notRunnable="0" notExecuted="0" disconnected="0" warning="0" completed="0" inProgress="0" pending="0" />
  </ResultSummary>
  <TestDefinitions>
    <UnitTest name="WhenStatusIsUnsubmitted" storage="c:\cm0721\ordermgttest\bin\debug\ordermgttest.dll" id="a3d2bf56-b2f7-2f53-ff8d-23149f72ae69">
      <Execution id="22d7216c-6042-49ba-825f-c3385a1b321d" />
      <TestMethod codeBase="C:/CM0721/OrderMgtTest/bin/Debug/OrderMgtTest.DLL" adapterTypeName="Microsoft.VisualStudio.TestTools.TestTypes.Unit.UnitTestAdapter, Microsoft.VisualStudio.QualityTools.Tips.UnitTest.Adapter, Version=10.0.0.0, Culture=neutral, PublicKeyToken=b03f5f7f11d50a3a" className="OrderMgtTest.UnitTest_OrderManager, OrderMgtTest, Version=1.0.0.0, Culture=neutral, PublicKeyToken=null" name="WhenStatusIsUnsubmitted" />
    </UnitTest>
    <UnitTest name="TestNewCustomerProperties" storage="c:\cm0721\ordermgttest\bin\debug\ordermgttest.dll" id="6bf3745b-d07d-c0fb-a967-f22fb3f1779e">
      <Execution id="500b75a9-ec8a-4509-962d-47cad161da78" />
      <TestMethod codeBase="C:/CM0721/OrderMgtTest/bin/Debug/OrderMgtTest.DLL" adapterTypeName="Microsoft.VisualStudio.TestTools.TestTypes.Unit.UnitTestAdapter, Microsoft.VisualStudio.QualityTools.Tips.UnitTest.Adapter, Version=10.0.0.0, Culture=neutral, PublicKeyToken=b03f5f7f11d50a3a" className="OrderMgtTest.UnitTest_Customers, OrderMgtTest, Version=1.0.0.0, Culture=neutral, PublicKeyToken=null" name="TestNewCustomerProperties" />
    </UnitTest>
    <UnitTest name="TestSaveEsistingCustomer" storage="c:\cm0721\ordermgttest\bin\debug\ordermgttest.dll" id="ab065cf5-b2d1-4ced-0a1e-1f310ae39ec3">
      <Execution id="a47f80ac-331b-4046-bf13-f5387d366171" />
      <TestMethod codeBase="C:/CM0721/OrderMgtTest/bin/Debug/OrderMgtTest.DLL" adapterTypeName="Microsoft.VisualStudio.TestTools.TestTypes.Unit.UnitTestAdapter, Microsoft.VisualStudio.QualityTools.Tips.UnitTest.Adapter, Version=10.0.0.0, Culture=neutral, PublicKeyToken=b03f5f7f11d50a3a" className="OrderMgtTest.UnitTest_Customers, OrderMgtTest, Version=1.0.0.0, Culture=neutral, PublicKeyToken=null" name="TestSaveEsistingCustomer" />
    </UnitTest>
    <UnitTest name="TestMethod1" storage="c:\cm0721\ordermgttest\bin\debug\ordermgttest.dll" id="228edb18-dd4e-0e75-de53-bd2a12d61734">
      <Execution id="ae47064d-30ef-4807-b383-efb16ccc07a0" />
      <TestMethod codeBase="C:/CM0721/OrderMgtTest/bin/Debug/OrderMgtTest.DLL" adapterTypeName="Microsoft.VisualStudio.TestTools.TestTypes.Unit.UnitTestAdapter, Microsoft.VisualStudio.QualityTools.Tips.UnitTest.Adapter, Version=10.0.0.0, Culture=neutral, PublicKeyToken=b03f5f7f11d50a3a" className="OrderMgtTest.UnitTest_CustomerUI, OrderMgtTest, Version=1.0.0.0, Culture=neutral, PublicKeyToken=null" name="TestMethod1" />
    </UnitTest>
    <UnitTest name="WhenStatusIsPlaced" storage="c:\cm0721\ordermgttest\bin\debug\ordermgttest.dll" id="db2ea100-5d23-ea72-07a4-734f95b2fdce">
      <Execution id="859750c1-ed9c-427f-b2e8-b145e6bdf9b4" />
      <TestMethod codeBase="C:/CM0721/OrderMgtTest/bin/Debug/OrderMgtTest.DLL" adapterTypeName="Microsoft.VisualStudio.TestTools.TestTypes.Unit.UnitTestAdapter, Microsoft.VisualStudio.QualityTools.Tips.UnitTest.Adapter, Version=10.0.0.0, Culture=neutral, PublicKeyToken=b03f5f7f11d50a3a" className="OrderMgtTest.UnitTest_OrderManager, OrderMgtTest, Version=1.0.0.0, Culture=neutral, PublicKeyToken=null" name="WhenStatusIsPlaced" />
    </UnitTest>
    <UnitTest name="TestFactoryBuilding" storage="c:\cm0721\ordermgttest\bin\debug\ordermgttest.dll" id="c630fedc-6a96-2d59-7c5c-74b56b0fa827">
      <Execution id="5e03e473-218e-4060-8a9e-3c3f581e10e9" />
      <TestMethod codeBase="C:/CM0721/OrderMgtTest/bin/Debug/OrderMgtTest.DLL" adapterTypeName="Microsoft.VisualStudio.TestTools.TestTypes.Unit.UnitTestAdapter, Microsoft.VisualStudio.QualityTools.Tips.UnitTest.Adapter, Version=10.0.0.0, Culture=neutral, PublicKeyToken=b03f5f7f11d50a3a" className="OrderMgtTest.UnitTest_Buildings, OrderMgtTest, Version=1.0.0.0, Culture=neutral, PublicKeyToken=null" name="TestFactoryBuilding" />
    </UnitTest>
    <UnitTest name="TestSaveBlankCustomer" storage="c:\cm0721\ordermgttest\bin\debug\ordermgttest.dll" id="10f114f7-0ae1-c6eb-e834-977905e4bf3a">
      <Execution id="2cec67ae-4e8f-4e99-a743-f568e570e7f9" />
      <TestMethod codeBase="C:/CM0721/OrderMgtTest/bin/Debug/OrderMgtTest.DLL" adapterTypeName="Microsoft.VisualStudio.TestTools.TestTypes.Unit.UnitTestAdapter, Microsoft.VisualStudio.QualityTools.Tips.UnitTest.Adapter, Version=10.0.0.0, Culture=neutral, PublicKeyToken=b03f5f7f11d50a3a" className="OrderMgtTest.UnitTest_Customers, OrderMgtTest, Version=1.0.0.0, Culture=neutral, PublicKeyToken=null" name="TestSaveBlankCustomer" />
    </UnitTest>
    <UnitTest name="TestCreateionOfNullBuilding" storage="c:\cm0721\ordermgttest\bin\debug\ordermgttest.dll" id="06ee2c56-2a83-d6f3-1024-7ba7c2436e3c">
      <Execution id="9f647a6a-0992-430e-8d9f-3041d50cf138" />
      <TestMethod codeBase="C:/CM0721/OrderMgtTest/bin/Debug/OrderMgtTest.DLL" adapterTypeName="Microsoft.VisualStudio.TestTools.TestTypes.Unit.UnitTestAdapter, Microsoft.VisualStudio.QualityTools.Tips.UnitTest.Adapter, Version=10.0.0.0, Culture=neutral, PublicKeyToken=b03f5f7f11d50a3a" className="OrderMgtTest.UnitTest_Buildings, OrderMgtTest, Version=1.0.0.0, Culture=neutral, PublicKeyToken=null" name="TestCreateionOfNullBuilding" />
    </UnitTest>
    <UnitTest name="TestLoadCustomer" storage="c:\cm0721\ordermgttest\bin\debug\ordermgttest.dll" id="b4bb03be-fe26-9b5b-4a39-006ec97c94d8">
      <Execution id="e0609efd-8cfb-4cc1-9ab6-b6bad4d7487a" />
      <TestMethod codeBase="C:/CM0721/OrderMgtTest/bin/Debug/OrderMgtTest.DLL" adapterTypeName="Microsoft.VisualStudio.TestTools.TestTypes.Unit.UnitTestAdapter, Microsoft.VisualStudio.QualityTools.Tips.UnitTest.Adapter, Version=10.0.0.0, Culture=neutral, PublicKeyToken=b03f5f7f11d50a3a" className="OrderMgtTest.UnitTest_Customers, OrderMgtTest, Version=1.0.0.0, Culture=neutral, PublicKeyToken=null" name="TestLoadCustomer" />
    </UnitTest>
  </TestDefinitions>
  <TestLists>
    <TestList name="Results Not in a List" id="8c84fa94-04c1-424b-9868-57a2d4851a1d" />
    <TestList name="All Loaded Results" id="19431567-8539-422a-85d7-44ee4e166bda" />
  </TestLists>
  <TestEntries>
    <TestEntry testId="06ee2c56-2a83-d6f3-1024-7ba7c2436e3c" executionId="9f647a6a-0992-430e-8d9f-3041d50cf138" testListId="8c84fa94-04c1-424b-9868-57a2d4851a1d" />
    <TestEntry testId="10f114f7-0ae1-c6eb-e834-977905e4bf3a" executionId="2cec67ae-4e8f-4e99-a743-f568e570e7f9" testListId="8c84fa94-04c1-424b-9868-57a2d4851a1d" />
    <TestEntry testId="228edb18-dd4e-0e75-de53-bd2a12d61734" executionId="ae47064d-30ef-4807-b383-efb16ccc07a0" testListId="8c84fa94-04c1-424b-9868-57a2d4851a1d" />
    <TestEntry testId="6bf3745b-d07d-c0fb-a967-f22fb3f1779e" executionId="500b75a9-ec8a-4509-962d-47cad161da78" testListId="8c84fa94-04c1-424b-9868-57a2d4851a1d" />
    <TestEntry testId="a3d2bf56-b2f7-2f53-ff8d-23149f72ae69" executionId="22d7216c-6042-49ba-825f-c3385a1b321d" testListId="8c84fa94-04c1-424b-9868-57a2d4851a1d" />
    <TestEntry testId="ab065cf5-b2d1-4ced-0a1e-1f310ae39ec3" executionId="a47f80ac-331b-4046-bf13-f5387d366171" testListId="8c84fa94-04c1-424b-9868-57a2d4851a1d" />
    <TestEntry testId="b4bb03be-fe26-9b5b-4a39-006ec97c94d8" executionId="e0609efd-8cfb-4cc1-9ab6-b6bad4d7487a" testListId="8c84fa94-04c1-424b-9868-57a2d4851a1d" />
    <TestEntry testId="c630fedc-6a96-2d59-7c5c-74b56b0fa827" executionId="5e03e473-218e-4060-8a9e-3c3f581e10e9" testListId="8c84fa94-04c1-424b-9868-57a2d4851a1d" />
    <TestEntry testId="db2ea100-5d23-ea72-07a4-734f95b2fdce" executionId="859750c1-ed9c-427f-b2e8-b145e6bdf9b4" testListId="8c84fa94-04c1-424b-9868-57a2d4851a1d" />
  </TestEntries>
  <Results>
    <UnitTestResult executionId="9f647a6a-0992-430e-8d9f-3041d50cf138" testId="06ee2c56-2a83-d6f3-1024-7ba7c2436e3c" testName="TestCreateionOfNullBuilding" computerName="GARYSTOREY36B9" duration="00:00:00.0247110" startTime="2015-04-26T12:36:52.0274000+01:00" endTime="2015-04-26T12:36:52.2770000+01:00" testType="13cdc9d9-ddb5-4fa4-a97d-d965ccfc6d4b" outcome="Passed" testListId="8c84fa94-04c1-424b-9868-57a2d4851a1d" relativeResultsDirectory="9f647a6a-0992-430e-8d9f-3041d50cf138">
    </UnitTestResult>
    <UnitTestResult executionId="2cec67ae-4e8f-4e99-a743-f568e570e7f9" testId="10f114f7-0ae1-c6eb-e834-977905e4bf3a" testName="TestSaveBlankCustomer" computerName="GARYSTOREY36B9" duration="00:00:00.0021860" startTime="2015-04-26T12:36:52.2926000+01:00" endTime="2015-04-26T12:36:52.3082000+01:00" testType="13cdc9d9-ddb5-4fa4-a97d-d965ccfc6d4b" outcome="Passed" testListId="8c84fa94-04c1-424b-9868-57a2d4851a1d" relativeResultsDirectory="2cec67ae-4e8f-4e99-a743-f568e570e7f9">
    </UnitTestResult>
    <UnitTestResult executionId="ae47064d-30ef-4807-b383-efb16ccc07a0" testId="228edb18-dd4e-0e75-de53-bd2a12d61734" testName="TestMethod1" computerName="GARYSTOREY36B9" duration="00:00:00.2859849" startTime="2015-04-26T12:36:52.3082000+01:00" endTime="2015-04-26T12:36:52.6046000+01:00" testType="13cdc9d9-ddb5-4fa4-a97d-d965ccfc6d4b" outcome="Passed" testListId="8c84fa94-04c1-424b-9868-57a2d4851a1d" relativeResultsDirectory="ae47064d-30ef-4807-b383-efb16ccc07a0">
    </UnitTestResult>
    <UnitTestResult executionId="500b75a9-ec8a-4509-962d-47cad161da78" testId="6bf3745b-d07d-c0fb-a967-f22fb3f1779e" testName="TestNewCustomerProperties" computerName="GARYSTOREY36B9" duration="00:00:00.0004997" startTime="2015-04-26T12:36:52.6202000+01:00" endTime="2015-04-26T12:36:52.6202000+01:00" testType="13cdc9d9-ddb5-4fa4-a97d-d965ccfc6d4b" outcome="Passed" testListId="8c84fa94-04c1-424b-9868-57a2d4851a1d" relativeResultsDirectory="500b75a9-ec8a-4509-962d-47cad161da78">
    </UnitTestResult>
    <UnitTestResult executionId="22d7216c-6042-49ba-825f-c3385a1b321d" testId="a3d2bf56-b2f7-2f53-ff8d-23149f72ae69" testName="WhenStatusIsUnsubmitted" computerName="GARYSTOREY36B9" duration="00:00:00.0424875" startTime="2015-04-26T12:36:52.6202000+01:00" endTime="2015-04-26T12:36:52.6670000+01:00" testType="13cdc9d9-ddb5-4fa4-a97d-d965ccfc6d4b" outcome="Failed" testListId="8c84fa94-04c1-424b-9868-57a2d4851a1d" relativeResultsDirectory="22d7216c-6042-49ba-825f-c3385a1b321d">
      <Output>
        <ErrorInfo>
          <Message>Test method OrderMgtTest.UnitTest_OrderManager.WhenStatusIsUnsubmitted threw exception: 
System.NotSupportedException: Invalid setup on a non-virtual (overridable in VB) member: m =&gt; m.Status</Message>
          <StackTrace>    at Moq.Mock.ThrowIfCantOverride(Expression setup, MethodInfo method)
   at Moq.Mock.&lt;&gt;c__DisplayClass1f`2.&lt;SetupGet&gt;b__1e()
   at Moq.PexProtector.Invoke[T](Func`1 function)
   at Moq.Mock.SetupGet[T,TProperty](Mock`1 mock, Expression`1 expression, Condition condition)
   at Moq.Mock`1.SetupGet[TProperty](Expression`1 expression)
   at OrderMgtTest.UnitTest_OrderManager.WhenStatusIsUnsubmitted() in C:\CM0721\OrderMgtTest\UnitTest_OrderManager.cs:line 21
</StackTrace>
        </ErrorInfo>
      </Output>
    </UnitTestResult>
    <UnitTestResult executionId="a47f80ac-331b-4046-bf13-f5387d366171" testId="ab065cf5-b2d1-4ced-0a1e-1f310ae39ec3" testName="TestSaveEsistingCustomer" computerName="GARYSTOREY36B9" duration="00:00:01.4831426" startTime="2015-04-26T12:36:52.6670000+01:00" endTime="2015-04-26T12:36:54.1756000+01:00" testType="13cdc9d9-ddb5-4fa4-a97d-d965ccfc6d4b" outcome="Passed" testListId="8c84fa94-04c1-424b-9868-57a2d4851a1d" relativeResultsDirectory="a47f80ac-331b-4046-bf13-f5387d366171">
    </UnitTestResult>
    <UnitTestResult executionId="e0609efd-8cfb-4cc1-9ab6-b6bad4d7487a" testId="b4bb03be-fe26-9b5b-4a39-006ec97c94d8" testName="TestLoadCustomer" computerName="GARYSTOREY36B9" duration="00:00:00.0468679" startTime="2015-04-26T12:36:54.1826000+01:00" endTime="2015-04-26T12:36:54.2386000+01:00" testType="13cdc9d9-ddb5-4fa4-a97d-d965ccfc6d4b" outcome="Passed" testListId="8c84fa94-04c1-424b-9868-57a2d4851a1d" relativeResultsDirectory="e0609efd-8cfb-4cc1-9ab6-b6bad4d7487a">
    </UnitTestResult>
    <UnitTestResult executionId="5e03e473-218e-4060-8a9e-3c3f581e10e9" testId="c630fedc-6a96-2d59-7c5c-74b56b0fa827" testName="TestFactoryBuilding" computerName="GARYSTOREY36B9" duration="00:00:00.0007035" startTime="2015-04-26T12:36:54.2436000+01:00" endTime="2015-04-26T12:36:54.2466000+01:00" testType="13cdc9d9-ddb5-4fa4-a97d-d965ccfc6d4b" outcome="Passed" testListId="8c84fa94-04c1-424b-9868-57a2d4851a1d" relativeResultsDirectory="5e03e473-218e-4060-8a9e-3c3f581e10e9">
    </UnitTestResult>
    <UnitTestResult executionId="859750c1-ed9c-427f-b2e8-b145e6bdf9b4" testId="db2ea100-5d23-ea72-07a4-734f95b2fdce" testName="WhenStatusIsPlaced" computerName="GARYSTOREY36B9" duration="00:00:00.0006211" startTime="2015-04-26T12:36:54.2556000+01:00" endTime="2015-04-26T12:36:54.2586000+01:00" testType="13cdc9d9-ddb5-4fa4-a97d-d965ccfc6d4b" outcome="Passed" testListId="8c84fa94-04c1-424b-9868-57a2d4851a1d" relativeResultsDirectory="859750c1-ed9c-427f-b2e8-b145e6bdf9b4">
    </UnitTestResult>
  </Results>
</TestRun>