<?xml version="1.0" encoding="UTF-8"?>
<TestRun id="02bdfe98-0a36-41f9-b450-5324fceb13d0" name="Gary@GARYSTOREY36B9 2015-04-26 12:51:37" runUser="GARYSTOREY36B9\Gary" xmlns="http://microsoft.com/schemas/VisualStudio/TeamTest/2010">
  <TestSettings name="Local" id="f9872536-3300-45e2-8d5a-1d6d5e11baff">
    <Description>These are default test settings for a local test run.</Description>
    <Deployment enabled="false" runDeploymentRoot="Gary_GARYSTOREY36B9 2015-04-26 12_51_37">
      <DeploymentItem filename="C:\CM0721\OrderMgt\packages\Moq.4.2.1502.0911\lib\net40\Moq.dll" />
      <DeploymentItem filename="C:\CM0721\OrderMgt\bin\Debug\OrderMgt.exe" />
    </Deployment>
    <Execution>
      <TestTypeSpecific />
      <AgentRule name="Execution Agents">
      </AgentRule>
    </Execution>
  </TestSettings>
  <Times creation="2015-04-26T12:51:37.0010000+01:00" queuing="2015-04-26T12:51:37.0598000+01:00" start="2015-04-26T12:51:37.0910000+01:00" finish="2015-04-26T12:51:37.3406000+01:00" />
  <ResultSummary outcome="Completed">
    <Counters total="1" executed="1" passed="1" error="0" failed="0" timeout="0" aborted="0" inconclusive="0" passedButRunAborted="0" notRunnable="0" notExecuted="0" disconnected="0" warning="0" completed="0" inProgress="0" pending="0" />
  </ResultSummary>
  <TestDefinitions>
    <UnitTest name="WhenStatusIsUnsubmitted" storage="c:\cm0721\ordermgttest\bin\debug\ordermgttest.dll" id="a3d2bf56-b2f7-2f53-ff8d-23149f72ae69">
      <Execution id="d8eaa90c-8ad8-451c-bcce-d98427cb3c47" />
      <TestMethod codeBase="C:/CM0721/OrderMgtTest/bin/Debug/OrderMgtTest.DLL" adapterTypeName="Microsoft.VisualStudio.TestTools.TestTypes.Unit.UnitTestAdapter, Microsoft.VisualStudio.QualityTools.Tips.UnitTest.Adapter, Version=10.0.0.0, Culture=neutral, PublicKeyToken=b03f5f7f11d50a3a" className="OrderMgtTest.UnitTest_OrderManager, OrderMgtTest, Version=1.0.0.0, Culture=neutral, PublicKeyToken=null" name="WhenStatusIsUnsubmitted" />
    </UnitTest>
  </TestDefinitions>
  <TestLists>
    <TestList name="Results Not in a List" id="8c84fa94-04c1-424b-9868-57a2d4851a1d" />
    <TestList name="All Loaded Results" id="19431567-8539-422a-85d7-44ee4e166bda" />
  </TestLists>
  <TestEntries>
    <TestEntry testId="a3d2bf56-b2f7-2f53-ff8d-23149f72ae69" executionId="d8eaa90c-8ad8-451c-bcce-d98427cb3c47" testListId="8c84fa94-04c1-424b-9868-57a2d4851a1d" />
  </TestEntries>
  <Results>
    <UnitTestResult executionId="d8eaa90c-8ad8-451c-bcce-d98427cb3c47" testId="a3d2bf56-b2f7-2f53-ff8d-23149f72ae69" testName="WhenStatusIsUnsubmitted" computerName="GARYSTOREY36B9" duration="00:00:00.0245951" startTime="2015-04-26T12:51:37.0910000+01:00" endTime="2015-04-26T12:51:37.3094000+01:00" testType="13cdc9d9-ddb5-4fa4-a97d-d965ccfc6d4b" outcome="Passed" testListId="8c84fa94-04c1-424b-9868-57a2d4851a1d" relativeResultsDirectory="d8eaa90c-8ad8-451c-bcce-d98427cb3c47">
    </UnitTestResult>
  </Results>
</TestRun>