<?xml version="1.0" encoding="UTF-8"?>
<TestRun id="7a02a73b-8440-4cf9-89a4-dc372c547966" name="jpickering@VAIOSSD 2015-04-22 20:51:40" runUser="VaioSSD\jpickering" xmlns="http://microsoft.com/schemas/VisualStudio/TeamTest/2010">
  <TestSettings name="Local" id="f9872536-3300-45e2-8d5a-1d6d5e11baff">
    <Description>These are default test settings for a local test run.</Description>
    <Deployment enabled="false" runDeploymentRoot="jpickering_VAIOSSD 2015-04-22 20_51_40">
      <DeploymentItem filename="C:\CM0721\OrderMgt\bin\Debug\OrderMgt.exe" />
    </Deployment>
    <Execution>
      <TestTypeSpecific />
      <AgentRule name="Execution Agents">
      </AgentRule>
    </Execution>
  </TestSettings>
  <Times creation="2015-04-22T20:51:40.1689596+01:00" queuing="2015-04-22T20:51:41.9490614+01:00" start="2015-04-22T20:51:42.0840691+01:00" finish="2015-04-22T20:51:43.6991615+01:00" />
  <ResultSummary outcome="Completed">
    <Counters total="4" executed="4" passed="4" error="0" failed="0" timeout="0" aborted="0" inconclusive="0" passedButRunAborted="0" notRunnable="0" notExecuted="0" disconnected="0" warning="0" completed="0" inProgress="0" pending="0" />
  </ResultSummary>
  <TestDefinitions>
    <UnitTest name="TestFactoryBuilding" storage="c:\cm0721\ordermgttest\bin\debug\ordermgttest.dll" id="25c0c5d5-ac4c-dd4a-9c8c-10a7524dc0d3">
      <Execution id="f7eda63e-7772-4f96-b89d-eec91a5e06fa" />
      <TestMethod codeBase="C:/CM0721/OrderMgtTest/bin/Debug/OrderMgtTest.DLL" adapterTypeName="Microsoft.VisualStudio.TestTools.TestTypes.Unit.UnitTestAdapter, Microsoft.VisualStudio.QualityTools.Tips.UnitTest.Adapter, Version=10.0.0.0, Culture=neutral, PublicKeyToken=b03f5f7f11d50a3a" className="OrderMgtTest.UnitTest1, OrderMgtTest, Version=1.0.0.0, Culture=neutral, PublicKeyToken=null" name="TestFactoryBuilding" />
    </UnitTest>
    <UnitTest name="TestSaveCustomerWithoutName" storage="c:\cm0721\ordermgttest\bin\debug\ordermgttest.dll" id="38d450c7-5cf9-c583-c55e-a666f9913ac2">
      <Execution id="d394383f-0bda-40a9-9b45-9396427de553" />
      <TestMethod codeBase="C:/CM0721/OrderMgtTest/bin/Debug/OrderMgtTest.DLL" adapterTypeName="Microsoft.VisualStudio.TestTools.TestTypes.Unit.UnitTestAdapter, Microsoft.VisualStudio.QualityTools.Tips.UnitTest.Adapter, Version=10.0.0.0, Culture=neutral, PublicKeyToken=b03f5f7f11d50a3a" className="OrderMgtTest.UnitTest1, OrderMgtTest, Version=1.0.0.0, Culture=neutral, PublicKeyToken=null" name="TestSaveCustomerWithoutName" />
    </UnitTest>
    <UnitTest name="TestNewCustomerProperties" storage="c:\cm0721\ordermgttest\bin\debug\ordermgttest.dll" id="b6e883b8-15b2-1bd9-8c58-7c19e01efded">
      <Execution id="1d872c66-1420-4c60-9e89-238572f11131" />
      <TestMethod codeBase="C:/CM0721/OrderMgtTest/bin/Debug/OrderMgtTest.DLL" adapterTypeName="Microsoft.VisualStudio.TestTools.TestTypes.Unit.UnitTestAdapter, Microsoft.VisualStudio.QualityTools.Tips.UnitTest.Adapter, Version=10.0.0.0, Culture=neutral, PublicKeyToken=b03f5f7f11d50a3a" className="OrderMgtTest.UnitTest1, OrderMgtTest, Version=1.0.0.0, Culture=neutral, PublicKeyToken=null" name="TestNewCustomerProperties" />
    </UnitTest>
    <UnitTest name="TestCreateionOfNullBuilding" storage="c:\cm0721\ordermgttest\bin\debug\ordermgttest.dll" id="ff4eef97-e818-5ecf-36fb-5e9711fc2f26">
      <Execution id="873234ba-04ef-457b-9587-135d3b43a301" />
      <TestMethod codeBase="C:/CM0721/OrderMgtTest/bin/Debug/OrderMgtTest.DLL" adapterTypeName="Microsoft.VisualStudio.TestTools.TestTypes.Unit.UnitTestAdapter, Microsoft.VisualStudio.QualityTools.Tips.UnitTest.Adapter, Version=10.0.0.0, Culture=neutral, PublicKeyToken=b03f5f7f11d50a3a" className="OrderMgtTest.UnitTest1, OrderMgtTest, Version=1.0.0.0, Culture=neutral, PublicKeyToken=null" name="TestCreateionOfNullBuilding" />
    </UnitTest>
  </TestDefinitions>
  <TestLists>
    <TestList name="Results Not in a List" id="8c84fa94-04c1-424b-9868-57a2d4851a1d" />
    <TestList name="All Loaded Results" id="19431567-8539-422a-85d7-44ee4e166bda" />
  </TestLists>
  <TestEntries>
    <TestEntry testId="ff4eef97-e818-5ecf-36fb-5e9711fc2f26" executionId="873234ba-04ef-457b-9587-135d3b43a301" testListId="8c84fa94-04c1-424b-9868-57a2d4851a1d" />
    <TestEntry testId="25c0c5d5-ac4c-dd4a-9c8c-10a7524dc0d3" executionId="f7eda63e-7772-4f96-b89d-eec91a5e06fa" testListId="8c84fa94-04c1-424b-9868-57a2d4851a1d" />
    <TestEntry testId="b6e883b8-15b2-1bd9-8c58-7c19e01efded" executionId="1d872c66-1420-4c60-9e89-238572f11131" testListId="8c84fa94-04c1-424b-9868-57a2d4851a1d" />
    <TestEntry testId="38d450c7-5cf9-c583-c55e-a666f9913ac2" executionId="d394383f-0bda-40a9-9b45-9396427de553" testListId="8c84fa94-04c1-424b-9868-57a2d4851a1d" />
  </TestEntries>
  <Results>
    <UnitTestResult executionId="873234ba-04ef-457b-9587-135d3b43a301" testId="ff4eef97-e818-5ecf-36fb-5e9711fc2f26" testName="TestCreateionOfNullBuilding" computerName="VAIOSSD" duration="00:00:00.0263599" startTime="2015-04-22T20:51:42.1730742+01:00" endTime="2015-04-22T20:51:43.4151453+01:00" testType="13cdc9d9-ddb5-4fa4-a97d-d965ccfc6d4b" outcome="Passed" testListId="8c84fa94-04c1-424b-9868-57a2d4851a1d" relativeResultsDirectory="873234ba-04ef-457b-9587-135d3b43a301">
    </UnitTestResult>
    <UnitTestResult executionId="f7eda63e-7772-4f96-b89d-eec91a5e06fa" testId="25c0c5d5-ac4c-dd4a-9c8c-10a7524dc0d3" testName="TestFactoryBuilding" computerName="VAIOSSD" duration="00:00:00.0026168" startTime="2015-04-22T20:51:43.4341464+01:00" endTime="2015-04-22T20:51:43.4581477+01:00" testType="13cdc9d9-ddb5-4fa4-a97d-d965ccfc6d4b" outcome="Passed" testListId="8c84fa94-04c1-424b-9868-57a2d4851a1d" relativeResultsDirectory="f7eda63e-7772-4f96-b89d-eec91a5e06fa">
    </UnitTestResult>
    <UnitTestResult executionId="1d872c66-1420-4c60-9e89-238572f11131" testId="b6e883b8-15b2-1bd9-8c58-7c19e01efded" testName="TestNewCustomerProperties" computerName="VAIOSSD" duration="00:00:00.0011133" startTime="2015-04-22T20:51:43.5181512+01:00" endTime="2015-04-22T20:51:43.5251516+01:00" testType="13cdc9d9-ddb5-4fa4-a97d-d965ccfc6d4b" outcome="Passed" testListId="8c84fa94-04c1-424b-9868-57a2d4851a1d" relativeResultsDirectory="1d872c66-1420-4c60-9e89-238572f11131">
    </UnitTestResult>
    <UnitTestResult executionId="d394383f-0bda-40a9-9b45-9396427de553" testId="38d450c7-5cf9-c583-c55e-a666f9913ac2" testName="TestSaveCustomerWithoutName" computerName="VAIOSSD" duration="00:00:00.0255190" startTime="2015-04-22T20:51:43.5471528+01:00" endTime="2015-04-22T20:51:43.5781546+01:00" testType="13cdc9d9-ddb5-4fa4-a97d-d965ccfc6d4b" outcome="Passed" testListId="8c84fa94-04c1-424b-9868-57a2d4851a1d" relativeResultsDirectory="d394383f-0bda-40a9-9b45-9396427de553">
    </UnitTestResult>
  </Results>
</TestRun>