<?xml version="1.0" encoding="UTF-8"?>
<TestRun id="89ceb3f1-8bf5-4d3e-be54-a2f8aa7472ba" name="jpickering@VAIOSSD 2015-04-22 20:38:39" runUser="VaioSSD\jpickering" xmlns="http://microsoft.com/schemas/VisualStudio/TeamTest/2010">
  <TestSettings name="Local" id="f9872536-3300-45e2-8d5a-1d6d5e11baff">
    <Description>These are default test settings for a local test run.</Description>
    <Deployment enabled="false" runDeploymentRoot="jpickering_VAIOSSD 2015-04-22 20_38_39">
      <DeploymentItem filename="C:\CM0721\OrderMgt\bin\Debug\OrderMgt.exe" />
    </Deployment>
    <Execution>
      <TestTypeSpecific />
      <AgentRule name="Execution Agents">
      </AgentRule>
    </Execution>
  </TestSettings>
  <Times creation="2015-04-22T20:38:39.2852956+01:00" queuing="2015-04-22T20:38:41.0363958+01:00" start="2015-04-22T20:38:41.1634030+01:00" finish="2015-04-22T20:39:11.7371518+01:00" />
  <ResultSummary outcome="Error">
    <Counters total="4" executed="4" passed="3" error="0" failed="0" timeout="0" aborted="1" inconclusive="0" passedButRunAborted="0" notRunnable="0" notExecuted="0" disconnected="0" warning="0" completed="0" inProgress="0" pending="0" />
    <RunInfos>
      <RunInfo computerName="VAIOSSD" outcome="Error" timestamp="2015-04-22T20:39:11.7351516+01:00">
        <Text>Test host process exited unexpectedly.</Text>
      </RunInfo>
    </RunInfos>
  </ResultSummary>
  <TestDefinitions>
    <UnitTest name="TestFactoryBuilding" storage="c:\cm0721\ordermgttest\bin\debug\ordermgttest.dll" id="25c0c5d5-ac4c-dd4a-9c8c-10a7524dc0d3">
      <Execution id="4d7530c8-6e27-466b-bb49-88fb50d7d316" />
      <TestMethod codeBase="C:/CM0721/OrderMgtTest/bin/Debug/OrderMgtTest.DLL" adapterTypeName="Microsoft.VisualStudio.TestTools.TestTypes.Unit.UnitTestAdapter, Microsoft.VisualStudio.QualityTools.Tips.UnitTest.Adapter, Version=10.0.0.0, Culture=neutral, PublicKeyToken=b03f5f7f11d50a3a" className="OrderMgtTest.UnitTest1, OrderMgtTest, Version=1.0.0.0, Culture=neutral, PublicKeyToken=null" name="TestFactoryBuilding" />
    </UnitTest>
    <UnitTest name="TesCustomerWithoutName" storage="c:\cm0721\ordermgttest\bin\debug\ordermgttest.dll" id="b166dc93-a169-8afd-c36a-dec1f27f4af4">
      <Execution id="65d2936d-802b-49e3-bb16-921b15000f06" />
      <TestMethod codeBase="C:/CM0721/OrderMgtTest/bin/Debug/OrderMgtTest.DLL" adapterTypeName="Microsoft.VisualStudio.TestTools.TestTypes.Unit.UnitTestAdapter, Microsoft.VisualStudio.QualityTools.Tips.UnitTest.Adapter, Version=10.0.0.0, Culture=neutral, PublicKeyToken=b03f5f7f11d50a3a" className="OrderMgtTest.UnitTest1, OrderMgtTest, Version=1.0.0.0, Culture=neutral, PublicKeyToken=null" name="TesCustomerWithoutName" />
    </UnitTest>
    <UnitTest name="TestNewCustomer" storage="c:\cm0721\ordermgttest\bin\debug\ordermgttest.dll" id="528ee467-5adb-d2c1-d3ac-8e2ca3a020e3">
      <Execution id="bb1b6611-ba0b-4534-a7c5-c5e3b9ab317d" />
      <TestMethod codeBase="C:/CM0721/OrderMgtTest/bin/Debug/OrderMgtTest.DLL" adapterTypeName="Microsoft.VisualStudio.TestTools.TestTypes.Unit.UnitTestAdapter, Microsoft.VisualStudio.QualityTools.Tips.UnitTest.Adapter, Version=10.0.0.0, Culture=neutral, PublicKeyToken=b03f5f7f11d50a3a" className="OrderMgtTest.UnitTest1, OrderMgtTest, Version=1.0.0.0, Culture=neutral, PublicKeyToken=null" name="TestNewCustomer" />
    </UnitTest>
    <UnitTest name="TestCreateionOfNullBuilding" storage="c:\cm0721\ordermgttest\bin\debug\ordermgttest.dll" id="ff4eef97-e818-5ecf-36fb-5e9711fc2f26">
      <Execution id="5a5d6f3c-bcf2-4b17-93c2-28d7e4041bf2" />
      <TestMethod codeBase="C:/CM0721/OrderMgtTest/bin/Debug/OrderMgtTest.DLL" adapterTypeName="Microsoft.VisualStudio.TestTools.TestTypes.Unit.UnitTestAdapter, Microsoft.VisualStudio.QualityTools.Tips.UnitTest.Adapter, Version=10.0.0.0, Culture=neutral, PublicKeyToken=b03f5f7f11d50a3a" className="OrderMgtTest.UnitTest1, OrderMgtTest, Version=1.0.0.0, Culture=neutral, PublicKeyToken=null" name="TestCreateionOfNullBuilding" />
    </UnitTest>
  </TestDefinitions>
  <TestLists>
    <TestList name="Results Not in a List" id="8c84fa94-04c1-424b-9868-57a2d4851a1d" />
    <TestList name="All Loaded Results" id="19431567-8539-422a-85d7-44ee4e166bda" />
  </TestLists>
  <TestEntries>
    <TestEntry testId="ff4eef97-e818-5ecf-36fb-5e9711fc2f26" executionId="5a5d6f3c-bcf2-4b17-93c2-28d7e4041bf2" testListId="8c84fa94-04c1-424b-9868-57a2d4851a1d" />
    <TestEntry testId="25c0c5d5-ac4c-dd4a-9c8c-10a7524dc0d3" executionId="4d7530c8-6e27-466b-bb49-88fb50d7d316" testListId="8c84fa94-04c1-424b-9868-57a2d4851a1d" />
    <TestEntry testId="528ee467-5adb-d2c1-d3ac-8e2ca3a020e3" executionId="bb1b6611-ba0b-4534-a7c5-c5e3b9ab317d" testListId="8c84fa94-04c1-424b-9868-57a2d4851a1d" />
    <TestEntry testId="b166dc93-a169-8afd-c36a-dec1f27f4af4" executionId="65d2936d-802b-49e3-bb16-921b15000f06" testListId="8c84fa94-04c1-424b-9868-57a2d4851a1d" />
  </TestEntries>
  <Results>
    <UnitTestResult executionId="5a5d6f3c-bcf2-4b17-93c2-28d7e4041bf2" testId="ff4eef97-e818-5ecf-36fb-5e9711fc2f26" testName="TestCreateionOfNullBuilding" computerName="VAIOSSD" duration="00:00:00.0258090" startTime="2015-04-22T20:38:41.2404074+01:00" endTime="2015-04-22T20:38:42.3424705+01:00" testType="13cdc9d9-ddb5-4fa4-a97d-d965ccfc6d4b" outcome="Passed" testListId="8c84fa94-04c1-424b-9868-57a2d4851a1d" relativeResultsDirectory="5a5d6f3c-bcf2-4b17-93c2-28d7e4041bf2">
    </UnitTestResult>
    <UnitTestResult executionId="4d7530c8-6e27-466b-bb49-88fb50d7d316" testId="25c0c5d5-ac4c-dd4a-9c8c-10a7524dc0d3" testName="TestFactoryBuilding" computerName="VAIOSSD" duration="00:00:00.0010158" startTime="2015-04-22T20:38:42.3644717+01:00" endTime="2015-04-22T20:38:42.3974736+01:00" testType="13cdc9d9-ddb5-4fa4-a97d-d965ccfc6d4b" outcome="Passed" testListId="8c84fa94-04c1-424b-9868-57a2d4851a1d" relativeResultsDirectory="4d7530c8-6e27-466b-bb49-88fb50d7d316">
    </UnitTestResult>
    <UnitTestResult executionId="bb1b6611-ba0b-4534-a7c5-c5e3b9ab317d" testId="528ee467-5adb-d2c1-d3ac-8e2ca3a020e3" testName="TestNewCustomer" computerName="VAIOSSD" duration="00:00:00.0008242" startTime="2015-04-22T20:38:42.4174748+01:00" endTime="2015-04-22T20:38:42.4254752+01:00" testType="13cdc9d9-ddb5-4fa4-a97d-d965ccfc6d4b" outcome="Passed" testListId="8c84fa94-04c1-424b-9868-57a2d4851a1d" relativeResultsDirectory="bb1b6611-ba0b-4534-a7c5-c5e3b9ab317d">
    </UnitTestResult>
    <UnitTestResult executionId="65d2936d-802b-49e3-bb16-921b15000f06" testId="b166dc93-a169-8afd-c36a-dec1f27f4af4" testName="TesCustomerWithoutName" computerName="VAIOSSD" duration="00:00:29.2896753" startTime="2015-04-22T20:38:42.4474765+01:00" endTime="2015-04-22T20:39:11.7371518+01:00" testType="13cdc9d9-ddb5-4fa4-a97d-d965ccfc6d4b" outcome="Aborted" testListId="8c84fa94-04c1-424b-9868-57a2d4851a1d" relativeResultsDirectory="65d2936d-802b-49e3-bb16-921b15000f06">
    </UnitTestResult>
  </Results>
</TestRun>