<?xml version="1.0" encoding="UTF-8"?>
<TestRun id="215b7a3d-24ac-49f4-8b99-e62f4109b2e4" name="jpickering@VAIOSSD 2015-04-22 18:24:34" runUser="VaioSSD\jpickering" xmlns="http://microsoft.com/schemas/VisualStudio/TeamTest/2010">
  <TestSettings name="Local" id="f9872536-3300-45e2-8d5a-1d6d5e11baff">
    <Description>These are default test settings for a local test run.</Description>
    <Deployment enabled="false" runDeploymentRoot="jpickering_VAIOSSD 2015-04-22 18_24_34">
      <DeploymentItem filename="C:\CM0721\OrderMgt\bin\Debug\OrderMgt.exe" />
    </Deployment>
    <Execution>
      <TestTypeSpecific />
      <AgentRule name="Execution Agents">
      </AgentRule>
    </Execution>
  </TestSettings>
  <Times creation="2015-04-22T18:24:34.8521804+01:00" queuing="2015-04-22T18:24:36.5772790+01:00" start="2015-04-22T18:24:36.6542834+01:00" finish="2015-04-22T18:24:56.9834462+01:00" />
  <ResultSummary outcome="Error">
    <Counters total="1" executed="1" error="0" failed="0" timeout="0" aborted="1" inconclusive="0" passedButRunAborted="0" notRunnable="0" notExecuted="0" disconnected="0" warning="0" passed="0" completed="0" inProgress="0" pending="0" />
    <RunInfos>
      <RunInfo computerName="VAIOSSD" outcome="Error" timestamp="2015-04-22T18:24:56.9824461+01:00">
        <Text>Test host process exited unexpectedly.</Text>
      </RunInfo>
    </RunInfos>
  </ResultSummary>
  <TestDefinitions>
    <UnitTest name="TestBuildingFactory" storage="c:\cm0721\ordermgttest\bin\debug\ordermgttest.dll" id="bb55e774-004f-543e-a59b-79e20d7382b3">
      <Execution id="e28c7178-611b-4343-b5b0-e44cd5f5efd0" />
      <TestMethod codeBase="C:/CM0721/OrderMgtTest/bin/Debug/OrderMgtTest.DLL" adapterTypeName="Microsoft.VisualStudio.TestTools.TestTypes.Unit.UnitTestAdapter, Microsoft.VisualStudio.QualityTools.Tips.UnitTest.Adapter, Version=10.0.0.0, Culture=neutral, PublicKeyToken=b03f5f7f11d50a3a" className="OrderMgtTest.UnitTest1, OrderMgtTest, Version=1.0.0.0, Culture=neutral, PublicKeyToken=null" name="TestBuildingFactory" />
    </UnitTest>
  </TestDefinitions>
  <TestLists>
    <TestList name="Results Not in a List" id="8c84fa94-04c1-424b-9868-57a2d4851a1d" />
    <TestList name="All Loaded Results" id="19431567-8539-422a-85d7-44ee4e166bda" />
  </TestLists>
  <TestEntries>
    <TestEntry testId="bb55e774-004f-543e-a59b-79e20d7382b3" executionId="e28c7178-611b-4343-b5b0-e44cd5f5efd0" testListId="8c84fa94-04c1-424b-9868-57a2d4851a1d" />
  </TestEntries>
  <Results>
    <UnitTestResult executionId="e28c7178-611b-4343-b5b0-e44cd5f5efd0" testId="bb55e774-004f-543e-a59b-79e20d7382b3" testName="TestBuildingFactory" computerName="VAIOSSD" duration="00:00:20.2571587" startTime="2015-04-22T18:24:36.7262875+01:00" endTime="2015-04-22T18:24:56.9834462+01:00" testType="13cdc9d9-ddb5-4fa4-a97d-d965ccfc6d4b" outcome="Aborted" testListId="8c84fa94-04c1-424b-9868-57a2d4851a1d" relativeResultsDirectory="e28c7178-611b-4343-b5b0-e44cd5f5efd0">
    </UnitTestResult>
  </Results>
</TestRun>