<?xml version="1.0" encoding="UTF-8"?>
<TestRun id="214226a4-78a1-48ed-917c-19bb4038baff" name="jpickering@VAIOSSD 2015-04-22 20:49:53" runUser="VaioSSD\jpickering" xmlns="http://microsoft.com/schemas/VisualStudio/TeamTest/2010">
  <TestSettings name="Local" id="f9872536-3300-45e2-8d5a-1d6d5e11baff">
    <Description>These are default test settings for a local test run.</Description>
    <Deployment enabled="false" runDeploymentRoot="jpickering_VAIOSSD 2015-04-22 20_49_53">
      <DeploymentItem filename="C:\CM0721\OrderMgt\bin\Debug\OrderMgt.exe" />
    </Deployment>
    <Execution>
      <TestTypeSpecific />
      <AgentRule name="Execution Agents">
      </AgentRule>
    </Execution>
  </TestSettings>
  <Times creation="2015-04-22T20:49:53.3558502+01:00" queuing="2015-04-22T20:49:55.0929496+01:00" start="2015-04-22T20:49:55.2129565+01:00" finish="2015-04-22T20:51:31.4894632+01:00" />
  <ResultSummary outcome="Error">
    <Counters total="4" executed="4" passed="3" error="0" failed="0" timeout="0" aborted="1" inconclusive="0" passedButRunAborted="0" notRunnable="0" notExecuted="0" disconnected="0" warning="0" completed="0" inProgress="0" pending="0" />
    <RunInfos>
      <RunInfo computerName="VAIOSSD" outcome="Error" timestamp="2015-04-22T20:51:31.4854629+01:00">
        <Text>Test host process exited unexpectedly.</Text>
      </RunInfo>
    </RunInfos>
  </ResultSummary>
  <TestDefinitions>
    <UnitTest name="TestFactoryBuilding" storage="c:\cm0721\ordermgttest\bin\debug\ordermgttest.dll" id="25c0c5d5-ac4c-dd4a-9c8c-10a7524dc0d3">
      <Execution id="14f84e52-39b5-49fb-b277-4776d6d78846" />
      <TestMethod codeBase="C:/CM0721/OrderMgtTest/bin/Debug/OrderMgtTest.DLL" adapterTypeName="Microsoft.VisualStudio.TestTools.TestTypes.Unit.UnitTestAdapter, Microsoft.VisualStudio.QualityTools.Tips.UnitTest.Adapter, Version=10.0.0.0, Culture=neutral, PublicKeyToken=b03f5f7f11d50a3a" className="OrderMgtTest.UnitTest1, OrderMgtTest, Version=1.0.0.0, Culture=neutral, PublicKeyToken=null" name="TestFactoryBuilding" />
    </UnitTest>
    <UnitTest name="TestSaveCustomerWithoutName" storage="c:\cm0721\ordermgttest\bin\debug\ordermgttest.dll" id="38d450c7-5cf9-c583-c55e-a666f9913ac2">
      <Execution id="415bf615-9716-4732-8e95-437828ecd1d2" />
      <TestMethod codeBase="C:/CM0721/OrderMgtTest/bin/Debug/OrderMgtTest.DLL" adapterTypeName="Microsoft.VisualStudio.TestTools.TestTypes.Unit.UnitTestAdapter, Microsoft.VisualStudio.QualityTools.Tips.UnitTest.Adapter, Version=10.0.0.0, Culture=neutral, PublicKeyToken=b03f5f7f11d50a3a" className="OrderMgtTest.UnitTest1, OrderMgtTest, Version=1.0.0.0, Culture=neutral, PublicKeyToken=null" name="TestSaveCustomerWithoutName" />
    </UnitTest>
    <UnitTest name="TestNewCustomerProperties" storage="c:\cm0721\ordermgttest\bin\debug\ordermgttest.dll" id="b6e883b8-15b2-1bd9-8c58-7c19e01efded">
      <Execution id="64d3a940-0314-4f5e-a9c6-c17012b26e11" />
      <TestMethod codeBase="C:/CM0721/OrderMgtTest/bin/Debug/OrderMgtTest.DLL" adapterTypeName="Microsoft.VisualStudio.TestTools.TestTypes.Unit.UnitTestAdapter, Microsoft.VisualStudio.QualityTools.Tips.UnitTest.Adapter, Version=10.0.0.0, Culture=neutral, PublicKeyToken=b03f5f7f11d50a3a" className="OrderMgtTest.UnitTest1, OrderMgtTest, Version=1.0.0.0, Culture=neutral, PublicKeyToken=null" name="TestNewCustomerProperties" />
    </UnitTest>
    <UnitTest name="TestCreateionOfNullBuilding" storage="c:\cm0721\ordermgttest\bin\debug\ordermgttest.dll" id="ff4eef97-e818-5ecf-36fb-5e9711fc2f26">
      <Execution id="566e9bce-ecd6-4af8-8429-8c77097c7d36" />
      <TestMethod codeBase="C:/CM0721/OrderMgtTest/bin/Debug/OrderMgtTest.DLL" adapterTypeName="Microsoft.VisualStudio.TestTools.TestTypes.Unit.UnitTestAdapter, Microsoft.VisualStudio.QualityTools.Tips.UnitTest.Adapter, Version=10.0.0.0, Culture=neutral, PublicKeyToken=b03f5f7f11d50a3a" className="OrderMgtTest.UnitTest1, OrderMgtTest, Version=1.0.0.0, Culture=neutral, PublicKeyToken=null" name="TestCreateionOfNullBuilding" />
    </UnitTest>
  </TestDefinitions>
  <TestLists>
    <TestList name="Results Not in a List" id="8c84fa94-04c1-424b-9868-57a2d4851a1d" />
    <TestList name="All Loaded Results" id="19431567-8539-422a-85d7-44ee4e166bda" />
  </TestLists>
  <TestEntries>
    <TestEntry testId="ff4eef97-e818-5ecf-36fb-5e9711fc2f26" executionId="566e9bce-ecd6-4af8-8429-8c77097c7d36" testListId="8c84fa94-04c1-424b-9868-57a2d4851a1d" />
    <TestEntry testId="25c0c5d5-ac4c-dd4a-9c8c-10a7524dc0d3" executionId="14f84e52-39b5-49fb-b277-4776d6d78846" testListId="8c84fa94-04c1-424b-9868-57a2d4851a1d" />
    <TestEntry testId="b6e883b8-15b2-1bd9-8c58-7c19e01efded" executionId="64d3a940-0314-4f5e-a9c6-c17012b26e11" testListId="8c84fa94-04c1-424b-9868-57a2d4851a1d" />
    <TestEntry testId="38d450c7-5cf9-c583-c55e-a666f9913ac2" executionId="415bf615-9716-4732-8e95-437828ecd1d2" testListId="8c84fa94-04c1-424b-9868-57a2d4851a1d" />
  </TestEntries>
  <Results>
    <UnitTestResult executionId="566e9bce-ecd6-4af8-8429-8c77097c7d36" testId="ff4eef97-e818-5ecf-36fb-5e9711fc2f26" testName="TestCreateionOfNullBuilding" computerName="VAIOSSD" duration="00:00:00.0262628" startTime="2015-04-22T20:49:55.3279630+01:00" endTime="2015-04-22T20:49:56.3360207+01:00" testType="13cdc9d9-ddb5-4fa4-a97d-d965ccfc6d4b" outcome="Passed" testListId="8c84fa94-04c1-424b-9868-57a2d4851a1d" relativeResultsDirectory="566e9bce-ecd6-4af8-8429-8c77097c7d36">
    </UnitTestResult>
    <UnitTestResult executionId="14f84e52-39b5-49fb-b277-4776d6d78846" testId="25c0c5d5-ac4c-dd4a-9c8c-10a7524dc0d3" testName="TestFactoryBuilding" computerName="VAIOSSD" duration="00:00:00.0009901" startTime="2015-04-22T20:49:56.3570219+01:00" endTime="2015-04-22T20:49:56.3660224+01:00" testType="13cdc9d9-ddb5-4fa4-a97d-d965ccfc6d4b" outcome="Passed" testListId="8c84fa94-04c1-424b-9868-57a2d4851a1d" relativeResultsDirectory="14f84e52-39b5-49fb-b277-4776d6d78846">
    </UnitTestResult>
    <UnitTestResult executionId="64d3a940-0314-4f5e-a9c6-c17012b26e11" testId="b6e883b8-15b2-1bd9-8c58-7c19e01efded" testName="TestNewCustomerProperties" computerName="VAIOSSD" duration="00:00:00.0011073" startTime="2015-04-22T20:49:56.3890237+01:00" endTime="2015-04-22T20:49:56.3960241+01:00" testType="13cdc9d9-ddb5-4fa4-a97d-d965ccfc6d4b" outcome="Passed" testListId="8c84fa94-04c1-424b-9868-57a2d4851a1d" relativeResultsDirectory="64d3a940-0314-4f5e-a9c6-c17012b26e11">
    </UnitTestResult>
    <UnitTestResult executionId="415bf615-9716-4732-8e95-437828ecd1d2" testId="38d450c7-5cf9-c583-c55e-a666f9913ac2" testName="TestSaveCustomerWithoutName" computerName="VAIOSSD" duration="00:01:34.8954277" startTime="2015-04-22T20:49:56.5940355+01:00" endTime="2015-04-22T20:51:31.4894632+01:00" testType="13cdc9d9-ddb5-4fa4-a97d-d965ccfc6d4b" outcome="Aborted" testListId="8c84fa94-04c1-424b-9868-57a2d4851a1d" relativeResultsDirectory="415bf615-9716-4732-8e95-437828ecd1d2">
    </UnitTestResult>
  </Results>
</TestRun>